[2025-11-05T14:11:40.988407+01:00] http_client.INFO: Request: "GET https://data.jsdelivr.com/v1/packages/npm/@hotwired/stimulus/resolved?specifier=%5E3.0.0" [] []
[2025-11-05T14:11:42.306714+01:00] http_client.INFO: Response: "200 https://data.jsdelivr.com/v1/packages/npm/@hotwired/stimulus/resolved?specifier=%5E3.0.0" 0.923472 seconds {"http_code":200,"url":"https://data.jsdelivr.com/v1/packages/npm/@hotwired/stimulus/resolved?specifier=%5E3.0.0","total_time":0.923472} []
[2025-11-05T14:11:42.376399+01:00] http_client.INFO: Request: "GET https://cdn.jsdelivr.net/npm/@hotwired/stimulus@3.2.2/+esm" [] []
[2025-11-05T14:11:42.378485+01:00] http_client.INFO: Request: "GET https://data.jsdelivr.com/v1/packages/npm/@hotwired/stimulus@3.2.2/entrypoints" [] []
[2025-11-05T14:11:42.619251+01:00] http_client.INFO: Response: "200 https://cdn.jsdelivr.net/npm/@hotwired/stimulus@3.2.2/+esm" 0.235979 seconds {"http_code":200,"url":"https://cdn.jsdelivr.net/npm/@hotwired/stimulus@3.2.2/+esm","total_time":0.235979} []
[2025-11-05T14:11:42.652832+01:00] http_client.INFO: Response: "200 https://data.jsdelivr.com/v1/packages/npm/@hotwired/stimulus@3.2.2/entrypoints" 0.030114 seconds {"http_code":200,"url":"https://data.jsdelivr.com/v1/packages/npm/@hotwired/stimulus@3.2.2/entrypoints","total_time":0.030114} []
[2025-11-05T14:11:42.663074+01:00] http_client.INFO: Request: "GET https://cdn.jsdelivr.net/npm/@hotwired/stimulus@3.2.2/+esm" [] []
[2025-11-05T14:11:42.731618+01:00] http_client.INFO: Response: "200 https://cdn.jsdelivr.net/npm/@hotwired/stimulus@3.2.2/+esm" 0.062341 seconds {"http_code":200,"url":"https://cdn.jsdelivr.net/npm/@hotwired/stimulus@3.2.2/+esm","total_time":0.062341} []
[2025-11-05T14:11:59.533429+01:00] http_client.INFO: Request: "GET https://data.jsdelivr.com/v1/packages/npm/@hotwired/turbo/resolved?specifier=%5E7.1.0" [] []
[2025-11-05T14:12:00.233724+01:00] http_client.INFO: Response: "200 https://data.jsdelivr.com/v1/packages/npm/@hotwired/turbo/resolved?specifier=%5E7.1.0" 0.689149 seconds {"http_code":200,"url":"https://data.jsdelivr.com/v1/packages/npm/@hotwired/turbo/resolved?specifier=%5E7.1.0","total_time":0.689149} []
[2025-11-05T14:12:00.234650+01:00] http_client.INFO: Request: "GET https://cdn.jsdelivr.net/npm/@hotwired/turbo@7.3.0/+esm" [] []
[2025-11-05T14:12:00.235810+01:00] http_client.INFO: Request: "GET https://data.jsdelivr.com/v1/packages/npm/@hotwired/turbo@7.3.0/entrypoints" [] []
[2025-11-05T14:12:00.483523+01:00] http_client.INFO: Response: "200 https://cdn.jsdelivr.net/npm/@hotwired/turbo@7.3.0/+esm" 0.245859 seconds {"http_code":200,"url":"https://cdn.jsdelivr.net/npm/@hotwired/turbo@7.3.0/+esm","total_time":0.245859} []
[2025-11-05T14:12:00.487162+01:00] http_client.INFO: Response: "200 https://data.jsdelivr.com/v1/packages/npm/@hotwired/turbo@7.3.0/entrypoints" 0.028755 seconds {"http_code":200,"url":"https://data.jsdelivr.com/v1/packages/npm/@hotwired/turbo@7.3.0/entrypoints","total_time":0.028755} []
[2025-11-05T14:12:00.490784+01:00] http_client.INFO: Request: "GET https://cdn.jsdelivr.net/npm/@hotwired/turbo@7.3.0/+esm" [] []
[2025-11-05T14:12:00.578546+01:00] http_client.INFO: Response: "200 https://cdn.jsdelivr.net/npm/@hotwired/turbo@7.3.0/+esm" 0.08497 seconds {"http_code":200,"url":"https://cdn.jsdelivr.net/npm/@hotwired/turbo@7.3.0/+esm","total_time":0.08497} []
[2025-11-05T14:19:19.035955+01:00] doctrine.INFO: Connecting with parameters array{"use_savepoints":true,"driver":"pdo_pgsql","idle_connection_ttl":600,"host":"127.0.0.1","port":5432,"user":"app","password":"<redacted>","driverOptions":[],"defaultTableOptions":[],"dbname":"app","serverVersion":"16","charset":"utf8"} {"params":{"use_savepoints":true,"driver":"pdo_pgsql","idle_connection_ttl":600,"host":"127.0.0.1","port":5432,"user":"app","password":"<redacted>","driverOptions":[],"defaultTableOptions":[],"dbname":"app","serverVersion":"16","charset":"utf8"}} []
[2025-11-05T14:19:19.322408+01:00] console.CRITICAL: Error thrown while running command "make:migration". Message: "An exception occurred in the driver: could not find driver" {"exception":"[object] (Doctrine\\DBAL\\Exception\\DriverException(code: 0): An exception occurred in the driver: could not find driver at C:\\Jovan Components\\JOVAN PROJECTS\\Symfony_Projects\\SecurityBasics1\\vendor\\doctrine\\dbal\\src\\Driver\\API\\PostgreSQL\\ExceptionConverter.php:87)\n[previous exception] [object] (Doctrine\\DBAL\\Driver\\PDO\\Exception(code: 0): could not find driver at C:\\Jovan Components\\JOVAN PROJECTS\\Symfony_Projects\\SecurityBasics1\\vendor\\doctrine\\dbal\\src\\Driver\\PDO\\Exception.php:24)\n[previous exception] [object] (PDOException(code: 0): could not find driver at C:\\Jovan Components\\JOVAN PROJECTS\\Symfony_Projects\\SecurityBasics1\\vendor\\doctrine\\dbal\\src\\Driver\\PDO\\PDOConnect.php:22)","command":"make:migration","message":"An exception occurred in the driver: could not find driver"} []
[2025-11-05T14:19:19.323189+01:00] console.DEBUG: Command "make:migration" exited with code "1" {"command":"make:migration","code":1} []
[2025-11-05T14:21:50.023563+01:00] console.CRITICAL: Error thrown while running command "make --help". Message: "Command "make" is not defined.  Did you mean one of these?     make:auth     make:command     make:controller     make:crud     make:docker:database     make:entity     make:fixtures     make:form     make:functional-test     make:listener     make:message     make:messenger-middleware     make:migration     make:registration-form     make:reset-password     make:schedule     make:security:custom     make:security:form-login     make:serializer:encoder     make:serializer:normalizer     make:stimulus-controller     make:subscriber     make:test     make:twig-component     make:twig-extension     make:unit-test     make:user     make:validator     make:voter     make:webhook" {"exception":"[object] (Symfony\\Component\\Console\\Exception\\CommandNotFoundException(code: 0): Command \"make\" is not defined.\n\nDid you mean one of these?\n    make:auth\n    make:command\n    make:controller\n    make:crud\n    make:docker:database\n    make:entity\n    make:fixtures\n    make:form\n    make:functional-test\n    make:listener\n    make:message\n    make:messenger-middleware\n    make:migration\n    make:registration-form\n    make:reset-password\n    make:schedule\n    make:security:custom\n    make:security:form-login\n    make:serializer:encoder\n    make:serializer:normalizer\n    make:stimulus-controller\n    make:subscriber\n    make:test\n    make:twig-component\n    make:twig-extension\n    make:unit-test\n    make:user\n    make:validator\n    make:voter\n    make:webhook at C:\\Jovan Components\\JOVAN PROJECTS\\Symfony_Projects\\SecurityBasics1\\vendor\\symfony\\console\\Application.php:740)","command":"make --help","message":"Command \"make\" is not defined.\n\nDid you mean one of these?\n    make:auth\n    make:command\n    make:controller\n    make:crud\n    make:docker:database\n    make:entity\n    make:fixtures\n    make:form\n    make:functional-test\n    make:listener\n    make:message\n    make:messenger-middleware\n    make:migration\n    make:registration-form\n    make:reset-password\n    make:schedule\n    make:security:custom\n    make:security:form-login\n    make:serializer:encoder\n    make:serializer:normalizer\n    make:stimulus-controller\n    make:subscriber\n    make:test\n    make:twig-component\n    make:twig-extension\n    make:unit-test\n    make:user\n    make:validator\n    make:voter\n    make:webhook"} []
[2025-11-05T14:23:36.683763+01:00] request.ERROR: Uncaught PHP Exception Symfony\Component\HttpKernel\Exception\NotFoundHttpException: "No route found for "GET https://127.0.0.1:8000/"" at RouterListener.php line 156 {"exception":"[object] (Symfony\\Component\\HttpKernel\\Exception\\NotFoundHttpException(code: 0): No route found for \"GET https://127.0.0.1:8000/\" at C:\\Jovan Components\\JOVAN PROJECTS\\Symfony_Projects\\SecurityBasics1\\vendor\\symfony\\http-kernel\\EventListener\\RouterListener.php:156)\n[previous exception] [object] (Symfony\\Component\\Routing\\Exception\\NoConfigurationException(code: 0):  at C:\\Jovan Components\\JOVAN PROJECTS\\Symfony_Projects\\SecurityBasics1\\vendor\\symfony\\routing\\Matcher\\Dumper\\CompiledUrlMatcherTrait.php:181)"} []
[2025-11-05T14:23:37.416648+01:00] request.INFO: Matched route "_wdt_stylesheet". {"route":"_wdt_stylesheet","route_parameters":{"_route":"_wdt_stylesheet","_controller":"web_profiler.controller.profiler::toolbarStylesheetAction"},"request_uri":"https://127.0.0.1:8000/_wdt/styles","method":"GET"} []
[2025-11-05T14:23:38.005296+01:00] request.INFO: Matched route "_wdt". {"route":"_wdt","route_parameters":{"_route":"_wdt","_controller":"web_profiler.controller.profiler::toolbarAction","token":"4a7a4e"},"request_uri":"https://127.0.0.1:8000/_wdt/4a7a4e?XDEBUG_IGNORE=1","method":"GET"} []
[2025-11-05T14:23:43.627901+01:00] request.INFO: Matched route "app_dashboard". {"route":"app_dashboard","route_parameters":{"_route":"app_dashboard","_controller":"App\\Controller\\DashboardController::index"},"request_uri":"https://127.0.0.1:8000/dashboard","method":"GET"} []
[2025-11-05T14:23:43.663467+01:00] security.DEBUG: Checking for authenticator support. {"firewall_name":"main","authenticators":0} []
[2025-11-05T14:23:44.445979+01:00] request.ERROR: Uncaught PHP Exception Symfony\Component\HttpKernel\Exception\NotFoundHttpException: "No route found for "GET https://127.0.0.1:8000/favicon.ico" (from "https://127.0.0.1:8000/dashboard")" at RouterListener.php line 156 {"exception":"[object] (Symfony\\Component\\HttpKernel\\Exception\\NotFoundHttpException(code: 0): No route found for \"GET https://127.0.0.1:8000/favicon.ico\" (from \"https://127.0.0.1:8000/dashboard\") at C:\\Jovan Components\\JOVAN PROJECTS\\Symfony_Projects\\SecurityBasics1\\vendor\\symfony\\http-kernel\\EventListener\\RouterListener.php:156)\n[previous exception] [object] (Symfony\\Component\\Routing\\Exception\\ResourceNotFoundException(code: 0): No routes found for \"/favicon.ico/\". at C:\\Jovan Components\\JOVAN PROJECTS\\Symfony_Projects\\SecurityBasics1\\vendor\\symfony\\routing\\Matcher\\Dumper\\CompiledUrlMatcherTrait.php:70)"} []
